C51 COMPILER V9.60.0.0   MAIN                                                              04/02/2025 16:48:15 PAGE 1   


C51 COMPILER V9.60.0.0, COMPILATION OF MODULE MAIN
OBJECT MODULE PLACED IN .\src\main.OBJ
COMPILER INVOKED BY: C:\SiliconLabs\SimplicityStudio\v5\developer\toolchains\keil_8051\9.60\BIN\C51.exe C:\Users\User\Si
                    -mplicityStudio\v5_workspace\Proximity15_EFM8BB52\src\main.c OMF2 SMALL DEBUG OBJECTEXTEND ROM(LARGE) WARNINGLEVEL(2) FLO
                    -ATFUZZY(3) OPTIMIZE(8,SPEED) DEFINE(DEBUG=1) INTVECTOR(0X0000) INTPROMOTE INCDIR(C:/SiliconLabs/SimplicityStudio/v5/deve
                    -loper/sdks/8051/v4.3.1//Device/shared/si8051Base;C:/SiliconLabs/SimplicityStudio/v5/developer/sdks/8051/v4.3.1//Device/E
                    -FM8BB52/inc) PRINT(.\src\main.lst) COND PAGEWIDTH(120) PAGELENGTH(65) OBJECT(.\src\main.OBJ)

line level    source

   1          // Includes
   2          #include <SI_EFM8BB52_Register_Enums.h>                // SFR declarations
   3          #include <stdio.h>
   4          #include "stdint.h"
   5          //#include "InitDevice.h"
   6          #include "proximity15.h"                   // API for Proximity 15 click sensor
*** WARNING C318 IN LINE 35 OF C:\Users\User\SimplicityStudio\v5_workspace\Proximity15_EFM8BB52\src\proximity15.h: can't
             - open file 'drv_digital_out.h'
*** WARNING C318 IN LINE 36 OF C:\Users\User\SimplicityStudio\v5_workspace\Proximity15_EFM8BB52\src\proximity15.h: can't
             - open file 'drv_digital_in.h'
*** WARNING C318 IN LINE 37 OF C:\Users\User\SimplicityStudio\v5_workspace\Proximity15_EFM8BB52\src\proximity15.h: can't
             - open file 'drv_i2c_master.h'
*** ERROR C141 IN LINE 150 OF C:\Users\User\SimplicityStudio\v5_workspace\Proximity15_EFM8BB52\src\proximity15.h: syntax
             - error near 'digital_out_t', expected 'bit'
*** ERROR C129 IN LINE 150 OF C:\Users\User\SimplicityStudio\v5_workspace\Proximity15_EFM8BB52\src\proximity15.h: missin
             -g ';' before 'xsh'
   7          
   8          proximity15_t proximity15_dev;
   9          typedef int32_t err_t; // Define err_t
  10          
  11          void SiLabs_Startup (void)
  12          {
  13            // Disable the watchdog here
  14          }
  15          
  16          int main (void)
  17          {
  18            // ... (Your initialization code) ...
  19          
  20            proximity15_cfg_t proximity15_cfg = {
  21                .scl = 0,  // Replace with actual SCL pin
  22                .sda = 0,  // Replace with actual SDA pin
  23                .xsh = 0,  // Replace with actual XSH pin
  24                .int_pin = 0, // Replace with actual INT pin
  25                .i2c_speed = 100000,
  26                .i2c_address = PROXIMITY15_SET_DEV_ADDR
  27            };
  28          
  29            err_t init_result = proximity15_init(&proximity15_dev, &proximity15_cfg);
  30            if (init_result != PROXIMITY15_OK) {
  31                printf("Proximity 15 initialization failed!\n");
  32                while (1)
  33                  ; // Handle error
  34            }
  35          
  36            init_result = proximity15_check_communication(&proximity15_dev);
  37            if (init_result != PROXIMITY15_OK) {
  38                printf("Proximity 15 communication check failed!\n");
  39                while (1)
  40                  ; // Handle error
  41            }
  42          
C51 COMPILER V9.60.0.0   MAIN                                                              04/02/2025 16:48:15 PAGE 2   

  43            init_result = proximity15_default_cfg(&proximity15_dev);
  44            if (init_result != PROXIMITY15_OK) {
  45                printf("Proximity 15 default config failed!\n");
  46                while (1)
  47                  ; // Handle error
  48            }
  49          
  50            proximity15_start_ranging(&proximity15_dev);
  51          
  52            while (1) {
  53                uint16_t distance;
  54                err_t result = proximity15_get_distance(&proximity15_dev, &distance);
  55                if (result == PROXIMITY15_OK) {
  56                    printf("Distance: %d mm\n", distance);
  57                } else {
  58                    printf("Error reading distance!\n");
  59                }
  60                proximity15_clear_interrupt(&proximity15_dev);
  61                delay_ms(100);
  62            }
  63          }

C51 COMPILATION COMPLETE.  3 WARNING(S),  2 ERROR(S)
